<?xml version="1.0" encoding="UTF-8"?>
<testng-results ignored="0" total="1" passed="1" failed="0" skipped="0">
  <reporter-output>
    <line>
      <![CDATA[Browser opened Successfully]]>
    </line>
    <line>
      <![CDATA[Login Successfully]]>
    </line>
    <line>
      <![CDATA[Task completed Successfully]]>
    </line>
    <line>
      <![CDATA[Logout Successfully]]>
    </line>
    <line>
      <![CDATA[Browser Closed Successfully]]>
    </line>
  </reporter-output>
  <suite started-at="2024-05-10T09:18:02 IST" name="Default suite" finished-at="2024-05-10T09:18:13 IST" duration-ms="11474">
    <groups>
    </groups>
    <test started-at="2024-05-10T09:18:02 IST" name="Default test" finished-at="2024-05-10T09:18:13 IST" duration-ms="11474">
      <class name="functionaltestscript.FunctionalTest">
        <test-method is-config="true" signature="openBrowser()[pri:0, instance:functionaltestscript.FunctionalTest@52e6fdee]" started-at="2024-05-10T09:18:02 IST" name="openBrowser" finished-at="2024-05-10T09:18:06 IST" duration-ms="3835" status="PASS">
          <reporter-output>
            <line>
              <![CDATA[Browser opened Successfully]]>
            </line>
          </reporter-output>
        </test-method> <!-- openBrowser -->
        <test-method is-config="true" signature="logIn()[pri:0, instance:functionaltestscript.FunctionalTest@52e6fdee]" started-at="2024-05-10T09:18:06 IST" name="logIn" finished-at="2024-05-10T09:18:06 IST" duration-ms="576" status="PASS">
          <reporter-output>
            <line>
              <![CDATA[Login Successfully]]>
            </line>
          </reporter-output>
        </test-method> <!-- logIn -->
        <test-method signature="task()[pri:0, instance:functionaltestscript.FunctionalTest@52e6fdee]" started-at="2024-05-10T09:18:06 IST" name="task" finished-at="2024-05-10T09:18:13 IST" duration-ms="6322" status="PASS">
          <reporter-output>
            <line>
              <![CDATA[Task completed Successfully]]>
            </line>
          </reporter-output>
        </test-method> <!-- task -->
        <test-method is-config="true" signature="logOut()[pri:0, instance:functionaltestscript.FunctionalTest@52e6fdee]" started-at="2024-05-10T09:18:13 IST" name="logOut" finished-at="2024-05-10T09:18:13 IST" duration-ms="387" status="PASS">
          <reporter-output>
            <line>
              <![CDATA[Logout Successfully]]>
            </line>
          </reporter-output>
        </test-method> <!-- logOut -->
        <test-method is-config="true" signature="closeBrowser()[pri:0, instance:functionaltestscript.FunctionalTest@52e6fdee]" started-at="2024-05-10T09:18:13 IST" name="closeBrowser" finished-at="2024-05-10T09:18:13 IST" duration-ms="320" status="PASS">
          <reporter-output>
            <line>
              <![CDATA[Browser Closed Successfully]]>
            </line>
          </reporter-output>
        </test-method> <!-- closeBrowser -->
      </class> <!-- functionaltestscript.FunctionalTest -->
    </test> <!-- Default test -->
  </suite> <!-- Default suite -->
</testng-results>
